<?xml version="1.0" encoding="UTF-8"?>
<testsuite name="TestSalary" tests="1" skipped="0" failures="0" errors="0" timestamp="2020-09-18T08:28:57" hostname="vadim-HP" time="0.012">
  <properties/>
  <testcase name="testNegativeSalary()" classname="TestSalary" time="0.012"/>
  <system-out><![CDATA[]]></system-out>
  <system-err><![CDATA[]]></system-err>
</testsuite>
