<?xml version="1.0" encoding="UTF-8"?>
<testsuite name="TestFizzBuzz" tests="1" skipped="0" failures="0" errors="0" timestamp="2020-09-20T07:59:20" hostname="pc" time="0.012">
  <properties/>
  <testcase name="testFizzBuzz()" classname="TestFizzBuzz" time="0.012"/>
  <system-out><![CDATA[]]></system-out>
  <system-err><![CDATA[]]></system-err>
</testsuite>
